<?xml version="1.0" encoding="UTF-8"?>
<testsuite name="HJproject.Hellospring.HelloSpringApplicationTests" tests="1" skipped="0" failures="0" errors="0" timestamp="2022-01-05T09:40:26" hostname="DESKTOP-1V9NOHJ" time="0.226">
  <properties/>
  <testcase name="contextLoads()" classname="HJproject.Hellospring.HelloSpringApplicationTests" time="0.226"/>
  <system-out><![CDATA[18:40:22.073 [Test worker] DEBUG org.springframework.test.context.BootstrapUtils - Instantiating CacheAwareContextLoaderDelegate from class [org.springframework.test.context.cache.DefaultCacheAwareContextLoaderDelegate]
18:40:22.073 [Test worker] DEBUG org.springframework.test.context.BootstrapUtils - Instantiating BootstrapContext using constructor [public org.springframework.test.context.support.DefaultBootstrapContext(java.lang.Class,org.springframework.test.context.CacheAwareContextLoaderDelegate)]
18:40:22.104 [Test worker] DEBUG org.springframework.test.context.BootstrapUtils - Instantiating TestContextBootstrapper for test class [HJproject.Hellospring.HelloSpringApplicationTests] from class [org.springframework.boot.test.context.SpringBootTestContextBootstrapper]
18:40:22.120 [Test worker] INFO org.springframework.boot.test.context.SpringBootTestContextBootstrapper - Neither @ContextConfiguration nor @ContextHierarchy found for test class [HJproject.Hellospring.HelloSpringApplicationTests], using SpringBootContextLoader
18:40:22.120 [Test worker] DEBUG org.springframework.test.context.support.AbstractContextLoader - Did not detect default resource location for test class [HJproject.Hellospring.HelloSpringApplicationTests]: class path resource [HJproject/Hellospring/HelloSpringApplicationTests-context.xml] does not exist
18:40:22.120 [Test worker] DEBUG org.springframework.test.context.support.AbstractContextLoader - Did not detect default resource location for test class [HJproject.Hellospring.HelloSpringApplicationTests]: class path resource [HJproject/Hellospring/HelloSpringApplicationTestsContext.groovy] does not exist
18:40:22.120 [Test worker] INFO org.springframework.test.context.support.AbstractContextLoader - Could not detect default resource locations for test class [HJproject.Hellospring.HelloSpringApplicationTests]: no resource found for suffixes {-context.xml, Context.groovy}.
18:40:22.120 [Test worker] INFO org.springframework.test.context.support.AnnotationConfigContextLoaderUtils - Could not detect default configuration classes for test class [HJproject.Hellospring.HelloSpringApplicationTests]: HelloSpringApplicationTests does not declare any static, non-private, non-final, nested classes annotated with @Configuration.
18:40:22.159 [Test worker] DEBUG org.springframework.test.context.support.ActiveProfilesUtils - Could not find an 'annotation declaring class' for annotation type [org.springframework.test.context.ActiveProfiles] and class [HJproject.Hellospring.HelloSpringApplicationTests]
18:40:22.199 [Test worker] DEBUG org.springframework.context.annotation.ClassPathScanningCandidateComponentProvider - Identified candidate component class: file [E:\01.Study\My_Web\build\classes\java\main\HJproject\Hellospring\HelloSpringApplication.class]
18:40:22.209 [Test worker] INFO org.springframework.boot.test.context.SpringBootTestContextBootstrapper - Found @SpringBootConfiguration HJproject.Hellospring.HelloSpringApplication for test class HJproject.Hellospring.HelloSpringApplicationTests
18:40:22.290 [Test worker] DEBUG org.springframework.boot.test.context.SpringBootTestContextBootstrapper - @TestExecutionListeners is not present for class [HJproject.Hellospring.HelloSpringApplicationTests]: using defaults.
18:40:22.290 [Test worker] INFO org.springframework.boot.test.context.SpringBootTestContextBootstrapper - Loaded default TestExecutionListener class names from location [META-INF/spring.factories]: [org.springframework.boot.test.autoconfigure.restdocs.RestDocsTestExecutionListener, org.springframework.boot.test.autoconfigure.web.client.MockRestServiceServerResetTestExecutionListener, org.springframework.boot.test.autoconfigure.web.servlet.MockMvcPrintOnlyOnFailureTestExecutionListener, org.springframework.boot.test.autoconfigure.web.servlet.WebDriverTestExecutionListener, org.springframework.boot.test.autoconfigure.webservices.client.MockWebServiceServerTestExecutionListener, org.springframework.boot.test.mock.mockito.MockitoTestExecutionListener, org.springframework.boot.test.mock.mockito.ResetMocksTestExecutionListener, org.springframework.test.context.web.ServletTestExecutionListener, org.springframework.test.context.support.DirtiesContextBeforeModesTestExecutionListener, org.springframework.test.context.event.ApplicationEventsTestExecutionListener, org.springframework.test.context.support.DependencyInjectionTestExecutionListener, org.springframework.test.context.support.DirtiesContextTestExecutionListener, org.springframework.test.context.transaction.TransactionalTestExecutionListener, org.springframework.test.context.jdbc.SqlScriptsTestExecutionListener, org.springframework.test.context.event.EventPublishingTestExecutionListener]
18:40:22.308 [Test worker] INFO org.springframework.boot.test.context.SpringBootTestContextBootstrapper - Using TestExecutionListeners: [org.springframework.test.context.web.ServletTestExecutionListener@768ccdc5, org.springframework.test.context.support.DirtiesContextBeforeModesTestExecutionListener@4c6daf0, org.springframework.test.context.event.ApplicationEventsTestExecutionListener@10650953, org.springframework.boot.test.mock.mockito.MockitoTestExecutionListener@659eef7, org.springframework.boot.test.autoconfigure.SpringBootDependencyInjectionTestExecutionListener@162be91c, org.springframework.test.context.support.DirtiesContextTestExecutionListener@2488b073, org.springframework.test.context.transaction.TransactionalTestExecutionListener@1c9f0a20, org.springframework.test.context.jdbc.SqlScriptsTestExecutionListener@55787112, org.springframework.test.context.event.EventPublishingTestExecutionListener@1cd201a8, org.springframework.boot.test.autoconfigure.restdocs.RestDocsTestExecutionListener@7db82169, org.springframework.boot.test.autoconfigure.web.client.MockRestServiceServerResetTestExecutionListener@1992eaf4, org.springframework.boot.test.autoconfigure.web.servlet.MockMvcPrintOnlyOnFailureTestExecutionListener@f74e835, org.springframework.boot.test.autoconfigure.web.servlet.WebDriverTestExecutionListener@3276732, org.springframework.boot.test.autoconfigure.webservices.client.MockWebServiceServerTestExecutionListener@3f28bd56, org.springframework.boot.test.mock.mockito.ResetMocksTestExecutionListener@31e3250d]
18:40:22.310 [Test worker] DEBUG org.springframework.test.context.support.AbstractDirtiesContextTestExecutionListener - Before test class: context [DefaultTestContext@482d776b testClass = HelloSpringApplicationTests, testInstance = [null], testMethod = [null], testException = [null], mergedContextConfiguration = [WebMergedContextConfiguration@4052274f testClass = HelloSpringApplicationTests, locations = '{}', classes = '{class HJproject.Hellospring.HelloSpringApplication}', contextInitializerClasses = '[]', activeProfiles = '{}', propertySourceLocations = '{}', propertySourceProperties = '{org.springframework.boot.test.context.SpringBootTestContextBootstrapper=true}', contextCustomizers = set[org.springframework.boot.test.autoconfigure.actuate.metrics.MetricsExportContextCustomizerFactory$DisableMetricExportContextCustomizer@3ad2e17, org.springframework.boot.test.autoconfigure.properties.PropertyMappingContextCustomizer@0, org.springframework.boot.test.autoconfigure.web.servlet.WebDriverContextCustomizerFactory$Customizer@676cf48, org.springframework.boot.test.context.filter.ExcludeFilterContextCustomizer@73194df, org.springframework.boot.test.json.DuplicateJsonObjectContextCustomizerFactory$DuplicateJsonObjectContextCustomizer@3a4621bd, org.springframework.boot.test.mock.mockito.MockitoContextCustomizer@0, org.springframework.boot.test.web.client.TestRestTemplateContextCustomizer@48e92c5c, org.springframework.boot.test.context.SpringBootTestArgs@1, org.springframework.boot.test.context.SpringBootTestWebEnvironment@7690781], resourceBasePath = 'src/main/webapp', contextLoader = 'org.springframework.boot.test.context.SpringBootContextLoader', parent = [null]], attributes = map['org.springframework.test.context.web.ServletTestExecutionListener.activateListener' -> true]], class annotated with @DirtiesContext [false] with mode [null].
18:40:22.351 [Test worker] DEBUG org.springframework.boot.ApplicationServletEnvironment - Activating profiles []
18:40:22.351 [Test worker] DEBUG org.springframework.test.context.support.TestPropertySourceUtils - Adding inlined properties to environment: {spring.jmx.enabled=false, org.springframework.boot.test.context.SpringBootTestContextBootstrapper=true}

  .   ____          _            __ _ _
 /\\ / ___'_ __ _ _(_)_ __  __ _ \ \ \ \
( ( )\___ | '_ | '_| | '_ \/ _` | \ \ \ \
 \\/  ___)| |_)| | | | | || (_| |  ) ) ) )
  '  |____| .__|_| |_|_| |_\__, | / / / /
 =========|_|==============|___/=/_/_/_/
 :: Spring Boot ::                (v2.6.1)

2022-01-05 18:40:22.560  INFO 10388 --- [    Test worker] H.H.HelloSpringApplicationTests          : Starting HelloSpringApplicationTests using Java 15.0.2 on DESKTOP-1V9NOHJ with PID 10388 (started by wkdtpwhs in E:\01.Study\My_Web)
2022-01-05 18:40:22.560  INFO 10388 --- [    Test worker] H.H.HelloSpringApplicationTests          : No active profile set, falling back to default profiles: default
2022-01-05 18:40:23.162  INFO 10388 --- [    Test worker] .s.d.r.c.RepositoryConfigurationDelegate : Bootstrapping Spring Data JPA repositories in DEFAULT mode.
2022-01-05 18:40:23.209  INFO 10388 --- [    Test worker] .s.d.r.c.RepositoryConfigurationDelegate : Finished Spring Data repository scanning in 42 ms. Found 1 JPA repository interfaces.
2022-01-05 18:40:23.896  INFO 10388 --- [    Test worker] com.zaxxer.hikari.HikariDataSource       : HikariPool-1 - Starting...
2022-01-05 18:40:24.312  INFO 10388 --- [    Test worker] com.zaxxer.hikari.HikariDataSource       : HikariPool-1 - Start completed.
2022-01-05 18:40:24.366  INFO 10388 --- [    Test worker] o.hibernate.jpa.internal.util.LogHelper  : HHH000204: Processing PersistenceUnitInfo [name: default]
2022-01-05 18:40:24.412  INFO 10388 --- [    Test worker] org.hibernate.Version                    : HHH000412: Hibernate ORM core version 5.6.1.Final
2022-01-05 18:40:24.578  INFO 10388 --- [    Test worker] o.hibernate.annotations.common.Version   : HCANN000001: Hibernate Commons Annotations {5.1.2.Final}
2022-01-05 18:40:24.679  INFO 10388 --- [    Test worker] org.hibernate.dialect.Dialect            : HHH000400: Using dialect: org.hibernate.dialect.MySQL5InnoDBDialect
2022-01-05 18:40:25.145  INFO 10388 --- [    Test worker] o.h.e.t.j.p.i.JtaPlatformInitiator       : HHH000490: Using JtaPlatform implementation: [org.hibernate.engine.transaction.jta.platform.internal.NoJtaPlatform]
2022-01-05 18:40:25.153  INFO 10388 --- [    Test worker] j.LocalContainerEntityManagerFactoryBean : Initialized JPA EntityManagerFactory for persistence unit 'default'
START : execution(memberService HJproject.Hellospring.SpringConfig.memberService())
START : execution(MemberRepository HJproject.Hellospring.SpringConfig.memberRepository())
END: execution(MemberRepository HJproject.Hellospring.SpringConfig.memberRepository()) 0ms
END: execution(memberService HJproject.Hellospring.SpringConfig.memberService()) 26ms
memberService = class HJproject.Hellospring.service.memberService$$EnhancerBySpringCGLIB$$5629a121
2022-01-05 18:40:25.538  WARN 10388 --- [    Test worker] JpaBaseConfiguration$JpaWebConfiguration : spring.jpa.open-in-view is enabled by default. Therefore, database queries may be performed during view rendering. Explicitly configure spring.jpa.open-in-view to disable this warning
2022-01-05 18:40:25.992  INFO 10388 --- [    Test worker] o.s.b.a.w.s.WelcomePageHandlerMapping    : Adding welcome page: class path resource [static/index.html]
2022-01-05 18:40:26.910  INFO 10388 --- [    Test worker] H.H.HelloSpringApplicationTests          : Started HelloSpringApplicationTests in 4.562 seconds (JVM running for 5.571)
]]></system-out>
  <system-err><![CDATA[]]></system-err>
</testsuite>
